-------------------------------------------------------------------------------
Test set: com.infoway.petclinic.VeterinaryServiceApplicationTests
-------------------------------------------------------------------------------
Tests run: 1, Failures: 0, Errors: 1, Skipped: 0, Time elapsed: 17.841 s <<< FAILURE! - in com.infoway.petclinic.VeterinaryServiceApplicationTests
contextLoads(com.infoway.petclinic.VeterinaryServiceApplicationTests)  Time elapsed: 0.003 s  <<< ERROR!
java.lang.IllegalStateException: Failed to load ApplicationContext
Caused by: java.lang.IllegalStateException: Failed to execute CommandLineRunner
Caused by: org.springframework.dao.InvalidDataAccessApiUsageException: org.hibernate.TransientPropertyValueException: object references an unsaved transient instance - save the transient instance before flushing : com.infoway.petclinic.model.Vet.speciality -> com.infoway.petclinic.model.Speciality; nested exception is java.lang.IllegalStateException: org.hibernate.TransientPropertyValueException: object references an unsaved transient instance - save the transient instance before flushing : com.infoway.petclinic.model.Vet.speciality -> com.infoway.petclinic.model.Speciality
Caused by: java.lang.IllegalStateException: org.hibernate.TransientPropertyValueException: object references an unsaved transient instance - save the transient instance before flushing : com.infoway.petclinic.model.Vet.speciality -> com.infoway.petclinic.model.Speciality
Caused by: org.hibernate.TransientPropertyValueException: object references an unsaved transient instance - save the transient instance before flushing : com.infoway.petclinic.model.Vet.speciality -> com.infoway.petclinic.model.Speciality

